01-build_alibstemmer.sh
Building libstemmer
--2023-09-02 18:32:45--  https://dev.gentoo.org/~graaff/libstemmer_c-20140325.tgz
Resolving dev.gentoo.org (dev.gentoo.org)... failed: Temporary failure in name resolution.
wget: unable to resolve host address ‘dev.gentoo.org’
libstemmer_c/
libstemmer_c/README
libstemmer_c/examples/
libstemmer_c/examples/stemwords.c
libstemmer_c/src_c/
libstemmer_c/src_c/stem_UTF_8_danish.c
libstemmer_c/src_c/stem_UTF_8_dutch.c
libstemmer_c/src_c/stem_UTF_8_english.c
libstemmer_c/src_c/stem_UTF_8_finnish.c
libstemmer_c/src_c/stem_UTF_8_french.c
libstemmer_c/src_c/stem_UTF_8_german.c
libstemmer_c/src_c/stem_UTF_8_hungarian.c
libstemmer_c/src_c/stem_UTF_8_italian.c
libstemmer_c/src_c/stem_UTF_8_norwegian.c
libstemmer_c/src_c/stem_UTF_8_porter.c
libstemmer_c/src_c/stem_UTF_8_portuguese.c
libstemmer_c/src_c/stem_UTF_8_romanian.c
libstemmer_c/src_c/stem_UTF_8_russian.c
libstemmer_c/src_c/stem_UTF_8_spanish.c
libstemmer_c/src_c/stem_UTF_8_swedish.c
libstemmer_c/src_c/stem_UTF_8_turkish.c
libstemmer_c/src_c/stem_KOI8_R_russian.c
libstemmer_c/src_c/stem_ISO_8859_1_danish.c
libstemmer_c/src_c/stem_ISO_8859_1_dutch.c
libstemmer_c/src_c/stem_ISO_8859_1_english.c
libstemmer_c/src_c/stem_ISO_8859_1_finnish.c
libstemmer_c/src_c/stem_ISO_8859_1_french.c
libstemmer_c/src_c/stem_ISO_8859_1_german.c
libstemmer_c/src_c/stem_ISO_8859_1_hungarian.c
libstemmer_c/src_c/stem_ISO_8859_1_italian.c
libstemmer_c/src_c/stem_ISO_8859_1_norwegian.c
libstemmer_c/src_c/stem_ISO_8859_1_porter.c
libstemmer_c/src_c/stem_ISO_8859_1_portuguese.c
libstemmer_c/src_c/stem_ISO_8859_1_spanish.c
libstemmer_c/src_c/stem_ISO_8859_1_swedish.c
libstemmer_c/src_c/stem_ISO_8859_2_romanian.c
libstemmer_c/src_c/stem_UTF_8_danish.h
libstemmer_c/src_c/stem_UTF_8_dutch.h
libstemmer_c/src_c/stem_UTF_8_english.h
libstemmer_c/src_c/stem_UTF_8_finnish.h
libstemmer_c/src_c/stem_UTF_8_french.h
libstemmer_c/src_c/stem_UTF_8_german.h
libstemmer_c/src_c/stem_UTF_8_hungarian.h
libstemmer_c/src_c/stem_UTF_8_italian.h
libstemmer_c/src_c/stem_UTF_8_norwegian.h
libstemmer_c/src_c/stem_UTF_8_porter.h
libstemmer_c/src_c/stem_UTF_8_portuguese.h
libstemmer_c/src_c/stem_UTF_8_romanian.h
libstemmer_c/src_c/stem_UTF_8_russian.h
libstemmer_c/src_c/stem_UTF_8_spanish.h
libstemmer_c/src_c/stem_UTF_8_swedish.h
libstemmer_c/src_c/stem_UTF_8_turkish.h
libstemmer_c/src_c/stem_KOI8_R_russian.h
libstemmer_c/src_c/stem_ISO_8859_1_danish.h
libstemmer_c/src_c/stem_ISO_8859_1_dutch.h
libstemmer_c/src_c/stem_ISO_8859_1_english.h
libstemmer_c/src_c/stem_ISO_8859_1_finnish.h
libstemmer_c/src_c/stem_ISO_8859_1_french.h
libstemmer_c/src_c/stem_ISO_8859_1_german.h
libstemmer_c/src_c/stem_ISO_8859_1_hungarian.h
libstemmer_c/src_c/stem_ISO_8859_1_italian.h
libstemmer_c/src_c/stem_ISO_8859_1_norwegian.h
libstemmer_c/src_c/stem_ISO_8859_1_porter.h
libstemmer_c/src_c/stem_ISO_8859_1_portuguese.h
libstemmer_c/src_c/stem_ISO_8859_1_spanish.h
libstemmer_c/src_c/stem_ISO_8859_1_swedish.h
libstemmer_c/src_c/stem_ISO_8859_2_romanian.h
libstemmer_c/runtime/
libstemmer_c/runtime/api.c
libstemmer_c/runtime/utilities.c
libstemmer_c/runtime/api.h
libstemmer_c/runtime/header.h
libstemmer_c/libstemmer/
libstemmer_c/libstemmer/libstemmer.c
libstemmer_c/libstemmer/libstemmer_utf8.c
libstemmer_c/libstemmer/modules.h
libstemmer_c/libstemmer/modules_utf8.h
libstemmer_c/libstemmer/modules.txt
libstemmer_c/libstemmer/modules_utf8.txt
libstemmer_c/libstemmer/libstemmer_c.in
libstemmer_c/include/
libstemmer_c/include/libstemmer.h
libstemmer_c/MANIFEST
libstemmer_c/mkinc.mak
libstemmer_c/mkinc_utf8.mak
libstemmer_c/Makefile
patching file Makefile
cc -Iinclude -fPIC   -c -o src_c/stem_ISO_8859_1_danish.o src_c/stem_ISO_8859_1_danish.c
cc -Iinclude -fPIC   -c -o src_c/stem_UTF_8_danish.o src_c/stem_UTF_8_danish.c
cc -Iinclude -fPIC   -c -o src_c/stem_ISO_8859_1_dutch.o src_c/stem_ISO_8859_1_dutch.c
cc -Iinclude -fPIC   -c -o src_c/stem_UTF_8_dutch.o src_c/stem_UTF_8_dutch.c
cc -Iinclude -fPIC   -c -o src_c/stem_ISO_8859_1_english.o src_c/stem_ISO_8859_1_english.c
cc -Iinclude -fPIC   -c -o src_c/stem_UTF_8_english.o src_c/stem_UTF_8_english.c
cc -Iinclude -fPIC   -c -o src_c/stem_ISO_8859_1_finnish.o src_c/stem_ISO_8859_1_finnish.c
cc -Iinclude -fPIC   -c -o src_c/stem_UTF_8_finnish.o src_c/stem_UTF_8_finnish.c
cc -Iinclude -fPIC   -c -o src_c/stem_ISO_8859_1_french.o src_c/stem_ISO_8859_1_french.c
cc -Iinclude -fPIC   -c -o src_c/stem_UTF_8_french.o src_c/stem_UTF_8_french.c
cc -Iinclude -fPIC   -c -o src_c/stem_ISO_8859_1_german.o src_c/stem_ISO_8859_1_german.c
cc -Iinclude -fPIC   -c -o src_c/stem_UTF_8_german.o src_c/stem_UTF_8_german.c
cc -Iinclude -fPIC   -c -o src_c/stem_ISO_8859_1_hungarian.o src_c/stem_ISO_8859_1_hungarian.c
cc -Iinclude -fPIC   -c -o src_c/stem_UTF_8_hungarian.o src_c/stem_UTF_8_hungarian.c
cc -Iinclude -fPIC   -c -o src_c/stem_ISO_8859_1_italian.o src_c/stem_ISO_8859_1_italian.c
cc -Iinclude -fPIC   -c -o src_c/stem_UTF_8_italian.o src_c/stem_UTF_8_italian.c
cc -Iinclude -fPIC   -c -o src_c/stem_ISO_8859_1_norwegian.o src_c/stem_ISO_8859_1_norwegian.c
cc -Iinclude -fPIC   -c -o src_c/stem_UTF_8_norwegian.o src_c/stem_UTF_8_norwegian.c
cc -Iinclude -fPIC   -c -o src_c/stem_ISO_8859_1_porter.o src_c/stem_ISO_8859_1_porter.c
cc -Iinclude -fPIC   -c -o src_c/stem_UTF_8_porter.o src_c/stem_UTF_8_porter.c
cc -Iinclude -fPIC   -c -o src_c/stem_ISO_8859_1_portuguese.o src_c/stem_ISO_8859_1_portuguese.c
cc -Iinclude -fPIC   -c -o src_c/stem_UTF_8_portuguese.o src_c/stem_UTF_8_portuguese.c
cc -Iinclude -fPIC   -c -o src_c/stem_ISO_8859_2_romanian.o src_c/stem_ISO_8859_2_romanian.c
cc -Iinclude -fPIC   -c -o src_c/stem_UTF_8_romanian.o src_c/stem_UTF_8_romanian.c
cc -Iinclude -fPIC   -c -o src_c/stem_KOI8_R_russian.o src_c/stem_KOI8_R_russian.c
cc -Iinclude -fPIC   -c -o src_c/stem_UTF_8_russian.o src_c/stem_UTF_8_russian.c
cc -Iinclude -fPIC   -c -o src_c/stem_ISO_8859_1_spanish.o src_c/stem_ISO_8859_1_spanish.c
cc -Iinclude -fPIC   -c -o src_c/stem_UTF_8_spanish.o src_c/stem_UTF_8_spanish.c
cc -Iinclude -fPIC   -c -o src_c/stem_ISO_8859_1_swedish.o src_c/stem_ISO_8859_1_swedish.c
cc -Iinclude -fPIC   -c -o src_c/stem_UTF_8_swedish.o src_c/stem_UTF_8_swedish.c
cc -Iinclude -fPIC   -c -o src_c/stem_UTF_8_turkish.o src_c/stem_UTF_8_turkish.c
cc -Iinclude -fPIC   -c -o runtime/api.o runtime/api.c
cc -Iinclude -fPIC   -c -o runtime/utilities.o runtime/utilities.c
cc -Iinclude -fPIC   -c -o libstemmer/libstemmer.o libstemmer/libstemmer.c
cc -Iinclude -fPIC -shared  -Wl,-soname,libstemmer.so.0d -o libstemmer.so.0d.0.0 src_c/stem_ISO_8859_1_danish.o src_c/stem_UTF_8_danish.o src_c/stem_ISO_8859_1_dutch.o src_c/stem_UTF_8_dutch.o src_c/stem_ISO_8859_1_english.o src_c/stem_UTF_8_english.o src_c/stem_ISO_8859_1_finnish.o src_c/stem_UTF_8_finnish.o src_c/stem_ISO_8859_1_french.o src_c/stem_UTF_8_french.o src_c/stem_ISO_8859_1_german.o src_c/stem_UTF_8_german.o src_c/stem_ISO_8859_1_hungarian.o src_c/stem_UTF_8_hungarian.o src_c/stem_ISO_8859_1_italian.o src_c/stem_UTF_8_italian.o src_c/stem_ISO_8859_1_norwegian.o src_c/stem_UTF_8_norwegian.o src_c/stem_ISO_8859_1_porter.o src_c/stem_UTF_8_porter.o src_c/stem_ISO_8859_1_portuguese.o src_c/stem_UTF_8_portuguese.o src_c/stem_ISO_8859_2_romanian.o src_c/stem_UTF_8_romanian.o src_c/stem_KOI8_R_russian.o src_c/stem_UTF_8_russian.o src_c/stem_ISO_8859_1_spanish.o src_c/stem_UTF_8_spanish.o src_c/stem_ISO_8859_1_swedish.o src_c/stem_UTF_8_swedish.o src_c/stem_UTF_8_turkish.o runtime/api.o runtime/utilities.o libstemmer/libstemmer.o
ln -s libstemmer.so.0d.0.0 libstemmer.so.0d
ln -s libstemmer.so.0d.0.0 libstemmer.so
cc -Iinclude -fPIC   -c -o examples/stemwords.o examples/stemwords.c
cc -Iinclude -fPIC  -o stemwords examples/stemwords.o libstemmer.so

Slackware package maker, version 3.14159265.

Searching for symbolic links:
usr/lib64/libstemmer.so	libstemmer.so.0d.0.0
usr/lib64/libstemmer.so.0d	libstemmer.so.0d.0.0

Making symbolic link creation script:
( cd usr/lib64 ; rm -rf libstemmer.so )
( cd usr/lib64 ; ln -sf libstemmer.so.0d.0.0 libstemmer.so )
( cd usr/lib64 ; rm -rf libstemmer.so.0d )
( cd usr/lib64 ; ln -sf libstemmer.so.0d.0.0 libstemmer.so.0d )

It is recommended that you make these lines your new installation script.

Would you like to make this stuff the install script for this package
and remove the symbolic links ([y]es, [n]o)? y


Removing symbolic links:
removed './usr/lib64/libstemmer.so.0d'
removed './usr/lib64/libstemmer.so'

Creating your new ./install/doinst.sh...

This next step is optional - you can set the directories in your package
to some sane permissions. If any of the directories in your package have
special permissions, then DO NOT reset them here!

Would you like to reset all directory permissions to 755 (drwxr-xr-x) and
directory ownerships to root.root ([y]es, [n]o)? n

Creating Slackware package:  /tmp/libstemmer-20140325-x86_64-1_gfs.txz

./
install/
install/doinst.sh
install/slack-desc
usr/
usr/doc/
usr/doc/libstemmer-20140325/
usr/doc/libstemmer-20140325/MANIFEST
usr/doc/libstemmer-20140325/README
usr/doc/libstemmer-20140325/libstemmer.SlackBuild
usr/include/
usr/include/libstemmer.h
usr/lib64/
usr/lib64/libstemmer.so.0d.0.0

Slackware package /tmp/libstemmer-20140325-x86_64-1_gfs.txz created.


+==============================================================================
| Upgrading libstemmer-20140325-x86_64-1_gfs package using /tmp/libstemmer-20140325-x86_64-1_gfs.txz
+==============================================================================
Pre-installing package libstemmer-20140325-x86_64-1_gfs...
Removing package: libstemmer-20140325-x86_64-1_gfs-upgraded-2023-09-02,18:33:15
Verifying package libstemmer-20140325-x86_64-1_gfs.txz.
Installing package libstemmer-20140325-x86_64-1_gfs.txz:
PACKAGE DESCRIPTION:
# libstemmer (C stemming algorithm library)
#
# All you need to include the snowball stemming algorithms into a
# C project.
# Snowball provides algorithms for several (mainly European) languages.
# It also provides access to the classic Porter stemming algorithm for
# English: although this has been superseded by an improved algorithm,
# the original algorithm may be of interest to information retrieval
# researchers wishing to reproduce results of earlier experiments.
# Homepage: https://dev.gentoo.org/~graaff/libstemmer_c-20140325.tgz
Executing install script for libstemmer-20140325-x86_64-1_gfs.txz.
Package libstemmer-20140325-x86_64-1_gfs.txz installed.
Package libstemmer-20140325-x86_64-1_gfs upgraded with new package /tmp/libstemmer-20140325-x86_64-1_gfs.txz.
01-build_libnma-gtk4.sh
/home/test/web.slackbuilds.45/main_gnome/order
Building libnma-gtk4
./01-build_libnma-gtk4.sh: line 6: cd: ../libnma-gtk4: No such file or directory
