01-build_gnome-backgrounds-extra.sh
Building extra-backgrounds
--2023-09-07 17:58:35--  https://reddoglinux.ddns.net/distfile/gnome-backgrounds-extra-45.tar.xz
Resolving reddoglinux.ddns.net (reddoglinux.ddns.net)... 68.206.243.171
Connecting to reddoglinux.ddns.net (reddoglinux.ddns.net)|68.206.243.171|:443... connected.
HTTP request sent, awaiting response... 416 Requested Range Not Satisfiable

    The file is already fully retrieved; nothing to do.

--2023-09-07 17:58:36--  https://reddoglinux.ddns.net/distfile/rizits.tar.xz
Resolving reddoglinux.ddns.net (reddoglinux.ddns.net)... 68.206.243.171
Connecting to reddoglinux.ddns.net (reddoglinux.ddns.net)|68.206.243.171|:443... connected.
HTTP request sent, awaiting response... 416 Requested Range Not Satisfiable

    The file is already fully retrieved; nothing to do.

--2023-09-07 17:58:37--  https://reddoglinux.ddns.net/distfile/AI-rizitis-wallpapers.tar.xz
Resolving reddoglinux.ddns.net (reddoglinux.ddns.net)... 68.206.243.171
Connecting to reddoglinux.ddns.net (reddoglinux.ddns.net)|68.206.243.171|:443... connected.
HTTP request sent, awaiting response... 416 Requested Range Not Satisfiable

    The file is already fully retrieved; nothing to do.

backgrounds/
backgrounds/moemoe/
backgrounds/moemoe/hinomoto_oniko_1600x900.jpg
backgrounds/moemoe/Hina_1600x900.jpg
backgrounds/moemoe/eva_chin_1600x900.png
backgrounds/moemoe/Yukarin_1600x900.jpg
backgrounds/moemoe/Angel_1600x900.jpg
backgrounds/moemoe/Peace_sign_girl1920x1080.png
backgrounds/ios4mac/
backgrounds/ios4mac/ios4mac-2560x1440.png
backgrounds/ios4mac/ios4mac-iPad.png
backgrounds/ios4mac/ios4mac-iPhone4.png
backgrounds/linuxcommunity/
backgrounds/linuxcommunity/99300-PhaloPhoenix1920X1200.jpg
backgrounds/linuxcommunity/kilpisjarvitapeta.jpg
backgrounds/linuxcommunity/116491-JohnsRose1920x1200.jpg
backgrounds/linuxcommunity/111635-FeatheryOrange1920x1200.jpg
backgrounds/linuxcommunity/96663-MonteSecco.jpg
backgrounds/linuxcommunity/101344-1856x960_new_tb2.jpg
backgrounds/linuxcommunity/116807-Immagine 010-rem1920.jpg
backgrounds/linuxcommunity/105875-RedClover1920x1200.jpg
backgrounds/linuxcommunity/108690-1824x1152_bush2.jpg
backgrounds/linuxcommunity/116800-IndianPaint1920x1200.jpg
backgrounds/linuxcommunity/108691-1824x1152_wheat_field2.jpg
backgrounds/linuxcommunity/69723-Priroda 3.jpg
backgrounds/skyscene/
backgrounds/skyscene/02.jpg
backgrounds/skyscene/06.jpg
backgrounds/skyscene/01.jpg
backgrounds/skyscene/04.jpg
backgrounds/skyscene/05.jpg
backgrounds/skyscene/sky.xml
backgrounds/skyscene/03.jpg
backgrounds/ubuntu/
backgrounds/ubuntu/Palmengarten.jpg
backgrounds/ubuntu/Small_flowers_by_Dariusz_Duma.jpg
backgrounds/ubuntu/La_no_alto_by_Allyson_Souza.jpg
backgrounds/ubuntu/Variations-On-Natty-Narwhal-1_by_madeinkobaia.jpg
backgrounds/ubuntu/Cornered.jpg
backgrounds/ubuntu/Blue_box_number_2_by_orb9220.jpg
backgrounds/ubuntu/Darkening_Clockwork_by_Matt_Katzenberger.jpg
backgrounds/ubuntu/Green_Plant_by_Simon_Schlegl.jpg
backgrounds/ubuntu/Spiral_by_firas.jpg
backgrounds/ubuntu/Warmlights.jpg
backgrounds/ubuntu/Mount_Snowdon,_Wales_by_Adam_Vellender.jpg
backgrounds/ubuntu/Butterfly.jpg
backgrounds/ubuntu/Ilunabarra_Azkainetik_by_Garuna_bor-bor.jpg
backgrounds/ubuntu/Touch_the_light_by_Matt_Katzenberger.jpg
backgrounds/ubuntu/Fluffodome.jpg
backgrounds/ubuntu/Green_by_Alan_Mattila.jpg
backgrounds/ubuntu/Delicate_Petals_by_lefthandgergo.jpg
backgrounds/ubuntu/Cairn_by_Sylvain_Naudin.jpg
backgrounds/ubuntu/Cherries.jpg
backgrounds/ubuntu/Fabric_by_Just_Jeanette.jpg
backgrounds/ubuntu/OLife.jpg
backgrounds/ubuntu/Murales_by_Jan_Bencini.jpg
backgrounds/ubuntu/The_Grass_aint_Greener_by_fix_pena.jpg
backgrounds/ubuntu/Quandro_by_Tomas_Vasconcelo.jpg
backgrounds/ubuntu/Below_Clouds_by_kobinho.jpg
backgrounds/ubuntu/Arboreal_ballet_by_Bob_Farrell.jpg
backgrounds/ubuntu/GrassinA.jpg
backgrounds/ubuntu/H_by_Manuel_Sagredo.jpg
backgrounds/ubuntu/Icystones2.jpg
backgrounds/ubuntu/TheRainbowisDead.jpg
backgrounds/ubuntu/Frog.jpg
backgrounds/ubuntu/Pantano_de_Orellana_by_mgarciaiz.jpg
backgrounds/ubuntu/Precise_Pangolin_by_Vlad_Gerasimov.jpg
backgrounds/ubuntu/Twilight_Frost_by_Phil_Jackson.jpg
backgrounds/ubuntu/Blue_by_ElSlunko.jpg
backgrounds/ubuntu/Roof_Tiles_by_Finn_Sturdy.jpg
backgrounds/ubuntu/Not_Alone_by_Deacon_MacMillan.jpg
backgrounds/ubuntu/Sand.jpg
backgrounds/ubuntu/Dybbølsbro_Station_by_SirPecanGum.jpg
backgrounds/ubuntu/Signpost_by_maroubal2.jpg
backgrounds/ubuntu/Liquid_glass_by_matthileo.jpg
backgrounds/ubuntu/Mirada_Perduda_by_Marxicoli.jpg
backgrounds/ubuntu/Gran_Canaria_by_ALF.jpg
backgrounds/ubuntu/Morning_II_by_Tadas_N.jpg
backgrounds/ubuntu/White_flowers_by_Garuna_bor-bor.jpg
backgrounds/ubuntu/Primer_Amanecer_2010_by_letoloke.jpg
backgrounds/ubuntu/Sunset.jpg
backgrounds/ubuntu/Yellowflower.jpg
backgrounds/ubuntu/Bay.jpg
backgrounds/ubuntu/Tiny_Worlds_by_matthileo.jpg
backgrounds/ubuntu/JardinPolar_by_CarmenGloria_Gonzalez.jpg
backgrounds/ubuntu/Aubergine_Sea_by_Wyatt_Kirby.jpg
backgrounds/ubuntu/Naranja.jpg
backgrounds/ubuntu/Crocosmia_by_sirpecangum.jpg
backgrounds/ubuntu/FlordeLoto.jpg
backgrounds/ubuntu/Early_Morning_by_Robert_Katzki.jpg
backgrounds/ubuntu/Tri_Narwhal_by_momez.jpg
backgrounds/ubuntu/Berries_by_Orb9220.jpg
backgrounds/ubuntu/Bird_by_Magnus.jpg
backgrounds/ubuntu/Tie_My_Boat_by_Ray_García.jpg
backgrounds/ubuntu/Smile_by_quinn.anya.jpg
backgrounds/ubuntu/Waterchain_by_Poje_Mario.jpg
backgrounds/ubuntu/Daisy.jpg
backgrounds/ubuntu/PurpleDancers_by_Emilio_Merlino.jpg
backgrounds/ubuntu/Serenity_Enchanted_by_sirpecangum.jpg
backgrounds/ubuntu/Vanishing_by_James_Wilson.jpg
backgrounds/ubuntu/MistyMorning.jpg
backgrounds/ubuntu/Fern_by_aalex04.jpg
backgrounds/ubuntu/Aeg_by_Tauno_Erik.jpg
backgrounds/ubuntu/Pointy.jpg
backgrounds/ubuntu/Flocking_by_noombox.jpg
backgrounds/ubuntu/WhiteOrchid.jpg
backgrounds/ubuntu/contest/
backgrounds/ubuntu/contest/maverick.xml
backgrounds/ubuntu/contest/oneiric.xml
backgrounds/ubuntu/contest/natty.xml
backgrounds/ubuntu/contest/quantal.xml
backgrounds/ubuntu/contest/precise.xml
backgrounds/ubuntu/contest/karmic.xml
backgrounds/ubuntu/contest/lucid.xml
backgrounds/ubuntu/Morning_Dew_by_Lars_Clausen.jpg
backgrounds/ubuntu/ThrowingStones.jpg
backgrounds/ubuntu/The_Forbidden_City_by_Daniel_Mathis.jpg
backgrounds/ubuntu/Outoffocus.jpg
backgrounds/ubuntu/WildWheat_by_Brian_Burt.jpg
backgrounds/ubuntu/Power_of_Words_by_Antonio_Litterio.jpg
backgrounds/ubuntu/Climbing.jpg
backgrounds/ubuntu/Bubbles_by_JanneM.jpg
backgrounds/ubuntu/Frozen_by_fernando_garcila_redondo.jpg
backgrounds/ubuntu/BusquedaNocturna.jpg
backgrounds/ubuntu/Stalking_Ocelot_by_Sayantan_Chaudhuri.jpg
backgrounds/ubuntu/CurlsbyCandy.jpg
backgrounds/ubuntu/Life_by_Paco_Espinoza.jpg
backgrounds/ubuntu/Buck_off!_by_SirPecanGum.jpg
backgrounds/ubuntu/Floorboards_by_Dawid_Huczyński.jpg
backgrounds/ubuntu/London_Eye_From_Beneath_by_Fernando_García.jpg
backgrounds/ubuntu/PrimulaRed.jpg
backgrounds/ubuntu/Shoes.jpg
backgrounds/ubuntu/FallDrops,AncientLight.jpg
backgrounds/ubuntu/Feather_by_quinn.anya.jpg
backgrounds/ubuntu/Langelinie_Allé_by_SirPecanGum.jpg
backgrounds/ubuntu/Ropey_Photo_by_Bob_Farrell.jpg
backgrounds/ubuntu/InthedarkRedux.jpg
backgrounds/ubuntu/Maraetaibeforesunrise.jpg
backgrounds/ubuntu/Early_Blossom_by_Dh0r.jpg
backgrounds/ubuntu/Momiji_Dream_by_Deacon_MacMillan.jpg
backgrounds/ubuntu/RadioactiveSunrise.jpg
backgrounds/ubuntu/Golden_Bloom_by_Twinmama.jpg
backgrounds/ubuntu/Grey_day_by_Drew__.jpg
backgrounds/ubuntu/SmoothMoment.jpg
backgrounds/ubuntu/A_Little_Quetzal_by_vgerasimov.jpg
backgrounds/ubuntu/Speaker_Weave_by_Phil_Jackson.jpg
backgrounds/ubuntu/BosqueTK.jpg
backgrounds/ubuntu/Holes_by_FireCobold.jpg
backgrounds/ubuntu/Winter_Morning_by_Shannon_Lucas.jpg
backgrounds/npm-calendar/
backgrounds/npm-calendar/default.xml
backgrounds/npm-calendar/9-10-1920x1080.jpg
backgrounds/npm-calendar/5-6-1920x1080.jpg
backgrounds/npm-calendar/11-12-1920x1080.jpg
backgrounds/npm-calendar/7-8-1920x1080.jpg
backgrounds/npm-calendar/3-4-1920x1080.jpg
backgrounds/npm-calendar/1-2-1920x1080.jpg
backgrounds/minecraft/
backgrounds/minecraft/Backgrounds-Minecraft.jpg
backgrounds/minecraft/wallpaperflare.com_wallpaper-7.jpg
backgrounds/minecraft/286264.jpg
backgrounds/minecraft/wallpaperflare.com_wallpaper-3.jpg
backgrounds/minecraft/Minecraft-Dungeons-Backgrounds.jpg
backgrounds/minecraft/wallpaperflare.com_wallpaper-1.jpg
backgrounds/minecraft/Minecraft-Wallpapers-1.jpg
backgrounds/minecraft/Minecraft-Wallpaper-1.jpg
backgrounds/shimmer/
backgrounds/shimmer/greybird-wall-1920x1200.png
backgrounds/shimmer/bluebird-2010-08-1920x1440-notext.png
backgrounds/shimmer/albatross-2009-10.png
backgrounds/angrybirds/
backgrounds/angrybirds/deviantart-dearcane.jpg
backgrounds/angrybirds/elance-katie_peppers.jpg
backgrounds/angrybirds/deviantart-the_bambookazee.jpg
backgrounds/angrybirds/zero_lives-genus_aves_iratus.jpg
backgrounds/angrybirds/walops-pig.jpg
backgrounds/angrybirds/deviantart-fairytalesartist.jpg
backgrounds/angrybirds/deviantart-bradsmith20.jpg
backgrounds/buuf/
backgrounds/buuf/Bring_the_Pain.jpg
backgrounds/buuf/Some_clouds__sun.png
backgrounds/buuf/Why.jpg
gnome-background-properties/
gnome-background-properties/oneiric-wallpapers.xml
gnome-background-properties/npm-calendar-backgrounds.xml
gnome-background-properties/linuxcommunity-backgrounds.xml
gnome-background-properties/moemoe-backgrounds.xml
gnome-background-properties/skyscene-backgrounds.xml
gnome-background-properties/natty-wallpapers.xml
gnome-background-properties/buuf-backgrounds.xml
gnome-background-properties/angrybirds-backgrounds.xml
gnome-background-properties/shimmer-backgrounds.xml
gnome-background-properties/karmic-wallpapers.xml
gnome-background-properties/lucid-wallpapers.xml
gnome-background-properties/maverick-wallpapers.xml
gnome-background-properties/precise-wallpapers.xml
gnome-background-properties/quantal-wallpapers.xml
gnome-background-properties/minecraft-backgrounds.xml
gnome-background-properties/ios4mac-backgrounds.xml
backgrounds/
backgrounds/gnome/
backgrounds/gnome/2-d.jpg
backgrounds/gnome/hacker.jpg
backgrounds/gnome/4-l.png
backgrounds/gnome/5-l.png
backgrounds/gnome/1-d.jpg
backgrounds/gnome/10-d.png
backgrounds/gnome/6-d.jpg
backgrounds/gnome/3-l.png
backgrounds/gnome/9-d.jpg
backgrounds/gnome/2-l.png
backgrounds/gnome/hacker-l.png
backgrounds/gnome/4-d.jpg
backgrounds/gnome/8-d.jpg
backgrounds/gnome/6-l.png
backgrounds/gnome/5-d.jpg
backgrounds/gnome/3-d.jpg
backgrounds/gnome/8-l.png
backgrounds/gnome/10-l.png
backgrounds/gnome/1-l.png
backgrounds/gnome/9-l.png
gnome-background-properties/
gnome-background-properties/6.xml
gnome-background-properties/8.xml
gnome-background-properties/1.xml
gnome-background-properties/10.xml
gnome-background-properties/4.xml
gnome-background-properties/hacker.xml
gnome-background-properties/9.xml
gnome-background-properties/3.xml
gnome-background-properties/5.xml
gnome-background-properties/2.xml
AI-rizitis-wallpapers/
AI-rizitis-wallpapers/A-baby--a-boy--a-man---an-old-man-keeping-all-of-them-a-laptop-in-a-magic--planet.png
AI-rizitis-wallpapers/A-Slackware-wallpaper-for-my-laptop1.png
AI-rizitis-wallpapers/A-penguin-and-a-nice-girl-playing-with-laptops-in-Antarctica--.png
AI-rizitis-wallpapers/An-old-man-with-costume-playing-with-his-laptop-in-a-magical-space.png
AI-rizitis-wallpapers/An-old-man-with-costume-playing-with-his-laptop-in-a-magical-space1.png
AI-rizitis-wallpapers/A-penguin-and-a-nice-girl-playing-with-laptops-in-Antarctica1.png
AI-rizitis-wallpapers/A-nice-girl-30-years-old-hacking-in-matrix.png
AI-rizitis-wallpapers/A-Slackware-wallpaper-for-my-laptop.png

Slackware package maker, version 3.14159265.

Searching for symbolic links:

No symbolic links were found, so we won't make an installation script.
You can make your own later in ./install/doinst.sh and rebuild the
package if you like.

This next step is optional - you can set the directories in your package
to some sane permissions. If any of the directories in your package have
special permissions, then DO NOT reset them here!

Would you like to reset all directory permissions to 755 (drwxr-xr-x) and
directory ownerships to root.root ([y]es, [n]o)? n

Creating Slackware package:  /tmp/gnome-backgrounds-extra-45-noarch-1_gfs.txz

./
install/
install/slack-desc
usr/
usr/doc/
usr/doc/gnome-backgrounds-extra-45/
usr/doc/gnome-backgrounds-extra-45/gnome-backgrounds-extra.SlackBuild
usr/share/
usr/share/backgrounds/
usr/share/backgrounds/AI-rizitis-wallpapers/
usr/share/backgrounds/AI-rizitis-wallpapers/A-Slackware-wallpaper-for-my-laptop.png
usr/share/backgrounds/AI-rizitis-wallpapers/A-Slackware-wallpaper-for-my-laptop1.png
usr/share/backgrounds/AI-rizitis-wallpapers/A-baby--a-boy--a-man---an-old-man-keeping-all-of-them-a-laptop-in-a-magic--planet.png
usr/share/backgrounds/AI-rizitis-wallpapers/A-nice-girl-30-years-old-hacking-in-matrix.png
usr/share/backgrounds/AI-rizitis-wallpapers/A-penguin-and-a-nice-girl-playing-with-laptops-in-Antarctica--.png
usr/share/backgrounds/AI-rizitis-wallpapers/A-penguin-and-a-nice-girl-playing-with-laptops-in-Antarctica1.png
usr/share/backgrounds/AI-rizitis-wallpapers/An-old-man-with-costume-playing-with-his-laptop-in-a-magical-space.png
usr/share/backgrounds/AI-rizitis-wallpapers/An-old-man-with-costume-playing-with-his-laptop-in-a-magical-space1.png
usr/share/backgrounds/angrybirds/
usr/share/backgrounds/angrybirds/deviantart-bradsmith20.jpg
usr/share/backgrounds/angrybirds/deviantart-dearcane.jpg
usr/share/backgrounds/angrybirds/deviantart-fairytalesartist.jpg
usr/share/backgrounds/angrybirds/deviantart-the_bambookazee.jpg
usr/share/backgrounds/angrybirds/elance-katie_peppers.jpg
usr/share/backgrounds/angrybirds/walops-pig.jpg
usr/share/backgrounds/angrybirds/zero_lives-genus_aves_iratus.jpg
usr/share/backgrounds/buuf/
usr/share/backgrounds/buuf/Bring_the_Pain.jpg
usr/share/backgrounds/buuf/Some_clouds__sun.png
usr/share/backgrounds/buuf/Why.jpg
usr/share/backgrounds/gnome/
usr/share/backgrounds/gnome/1-d.jpg
usr/share/backgrounds/gnome/1-l.png
usr/share/backgrounds/gnome/10-d.png
usr/share/backgrounds/gnome/10-l.png
usr/share/backgrounds/gnome/2-d.jpg
usr/share/backgrounds/gnome/2-l.png
usr/share/backgrounds/gnome/3-d.jpg
usr/share/backgrounds/gnome/3-l.png
usr/share/backgrounds/gnome/4-d.jpg
usr/share/backgrounds/gnome/4-l.png
usr/share/backgrounds/gnome/5-d.jpg
usr/share/backgrounds/gnome/5-l.png
usr/share/backgrounds/gnome/6-d.jpg
usr/share/backgrounds/gnome/6-l.png
usr/share/backgrounds/gnome/8-d.jpg
usr/share/backgrounds/gnome/8-l.png
usr/share/backgrounds/gnome/9-d.jpg
usr/share/backgrounds/gnome/9-l.png
usr/share/backgrounds/gnome/hacker-l.png
usr/share/backgrounds/gnome/hacker.jpg
usr/share/backgrounds/ios4mac/
usr/share/backgrounds/ios4mac/ios4mac-2560x1440.png
usr/share/backgrounds/ios4mac/ios4mac-iPad.png
usr/share/backgrounds/ios4mac/ios4mac-iPhone4.png
usr/share/backgrounds/linuxcommunity/
usr/share/backgrounds/linuxcommunity/101344-1856x960_new_tb2.jpg
usr/share/backgrounds/linuxcommunity/105875-RedClover1920x1200.jpg
usr/share/backgrounds/linuxcommunity/108690-1824x1152_bush2.jpg
usr/share/backgrounds/linuxcommunity/108691-1824x1152_wheat_field2.jpg
usr/share/backgrounds/linuxcommunity/111635-FeatheryOrange1920x1200.jpg
usr/share/backgrounds/linuxcommunity/116491-JohnsRose1920x1200.jpg
usr/share/backgrounds/linuxcommunity/116800-IndianPaint1920x1200.jpg
usr/share/backgrounds/linuxcommunity/116807-Immagine 010-rem1920.jpg
usr/share/backgrounds/linuxcommunity/69723-Priroda 3.jpg
usr/share/backgrounds/linuxcommunity/96663-MonteSecco.jpg
usr/share/backgrounds/linuxcommunity/99300-PhaloPhoenix1920X1200.jpg
usr/share/backgrounds/linuxcommunity/kilpisjarvitapeta.jpg
usr/share/backgrounds/minecraft/
usr/share/backgrounds/minecraft/286264.jpg
usr/share/backgrounds/minecraft/Backgrounds-Minecraft.jpg
usr/share/backgrounds/minecraft/Minecraft-Dungeons-Backgrounds.jpg
usr/share/backgrounds/minecraft/Minecraft-Wallpaper-1.jpg
usr/share/backgrounds/minecraft/Minecraft-Wallpapers-1.jpg
usr/share/backgrounds/minecraft/wallpaperflare.com_wallpaper-1.jpg
usr/share/backgrounds/minecraft/wallpaperflare.com_wallpaper-3.jpg
usr/share/backgrounds/minecraft/wallpaperflare.com_wallpaper-7.jpg
usr/share/backgrounds/moemoe/
usr/share/backgrounds/moemoe/Angel_1600x900.jpg
usr/share/backgrounds/moemoe/Hina_1600x900.jpg
usr/share/backgrounds/moemoe/Peace_sign_girl1920x1080.png
usr/share/backgrounds/moemoe/Yukarin_1600x900.jpg
usr/share/backgrounds/moemoe/eva_chin_1600x900.png
usr/share/backgrounds/moemoe/hinomoto_oniko_1600x900.jpg
usr/share/backgrounds/npm-calendar/
usr/share/backgrounds/npm-calendar/1-2-1920x1080.jpg
usr/share/backgrounds/npm-calendar/11-12-1920x1080.jpg
usr/share/backgrounds/npm-calendar/3-4-1920x1080.jpg
usr/share/backgrounds/npm-calendar/5-6-1920x1080.jpg
usr/share/backgrounds/npm-calendar/7-8-1920x1080.jpg
usr/share/backgrounds/npm-calendar/9-10-1920x1080.jpg
usr/share/backgrounds/npm-calendar/default.xml
usr/share/backgrounds/shimmer/
usr/share/backgrounds/shimmer/albatross-2009-10.png
usr/share/backgrounds/shimmer/bluebird-2010-08-1920x1440-notext.png
usr/share/backgrounds/shimmer/greybird-wall-1920x1200.png
usr/share/backgrounds/skyscene/
usr/share/backgrounds/skyscene/01.jpg
usr/share/backgrounds/skyscene/02.jpg
usr/share/backgrounds/skyscene/03.jpg
usr/share/backgrounds/skyscene/04.jpg
usr/share/backgrounds/skyscene/05.jpg
usr/share/backgrounds/skyscene/06.jpg
usr/share/backgrounds/skyscene/sky.xml
usr/share/backgrounds/ubuntu/
usr/share/backgrounds/ubuntu/A_Little_Quetzal_by_vgerasimov.jpg
usr/share/backgrounds/ubuntu/Aeg_by_Tauno_Erik.jpg
usr/share/backgrounds/ubuntu/Arboreal_ballet_by_Bob_Farrell.jpg
usr/share/backgrounds/ubuntu/Aubergine_Sea_by_Wyatt_Kirby.jpg
usr/share/backgrounds/ubuntu/Bay.jpg
usr/share/backgrounds/ubuntu/Below_Clouds_by_kobinho.jpg
usr/share/backgrounds/ubuntu/Berries_by_Orb9220.jpg
usr/share/backgrounds/ubuntu/Bird_by_Magnus.jpg
usr/share/backgrounds/ubuntu/Blue_box_number_2_by_orb9220.jpg
usr/share/backgrounds/ubuntu/Blue_by_ElSlunko.jpg
usr/share/backgrounds/ubuntu/BosqueTK.jpg
usr/share/backgrounds/ubuntu/Bubbles_by_JanneM.jpg
usr/share/backgrounds/ubuntu/Buck_off!_by_SirPecanGum.jpg
usr/share/backgrounds/ubuntu/BusquedaNocturna.jpg
usr/share/backgrounds/ubuntu/Butterfly.jpg
usr/share/backgrounds/ubuntu/Cairn_by_Sylvain_Naudin.jpg
usr/share/backgrounds/ubuntu/Cherries.jpg
usr/share/backgrounds/ubuntu/Climbing.jpg
usr/share/backgrounds/ubuntu/Cornered.jpg
usr/share/backgrounds/ubuntu/Crocosmia_by_sirpecangum.jpg
usr/share/backgrounds/ubuntu/CurlsbyCandy.jpg
usr/share/backgrounds/ubuntu/Daisy.jpg
usr/share/backgrounds/ubuntu/Darkening_Clockwork_by_Matt_Katzenberger.jpg
usr/share/backgrounds/ubuntu/Delicate_Petals_by_lefthandgergo.jpg
usr/share/backgrounds/ubuntu/Dybbølsbro_Station_by_SirPecanGum.jpg
usr/share/backgrounds/ubuntu/Early_Blossom_by_Dh0r.jpg
usr/share/backgrounds/ubuntu/Early_Morning_by_Robert_Katzki.jpg
usr/share/backgrounds/ubuntu/Fabric_by_Just_Jeanette.jpg
usr/share/backgrounds/ubuntu/FallDrops,AncientLight.jpg
usr/share/backgrounds/ubuntu/Feather_by_quinn.anya.jpg
usr/share/backgrounds/ubuntu/Fern_by_aalex04.jpg
usr/share/backgrounds/ubuntu/Flocking_by_noombox.jpg
usr/share/backgrounds/ubuntu/Floorboards_by_Dawid_Huczyński.jpg
usr/share/backgrounds/ubuntu/FlordeLoto.jpg
usr/share/backgrounds/ubuntu/Fluffodome.jpg
usr/share/backgrounds/ubuntu/Frog.jpg
usr/share/backgrounds/ubuntu/Frozen_by_fernando_garcila_redondo.jpg
usr/share/backgrounds/ubuntu/Golden_Bloom_by_Twinmama.jpg
usr/share/backgrounds/ubuntu/Gran_Canaria_by_ALF.jpg
usr/share/backgrounds/ubuntu/GrassinA.jpg
usr/share/backgrounds/ubuntu/Green_Plant_by_Simon_Schlegl.jpg
usr/share/backgrounds/ubuntu/Green_by_Alan_Mattila.jpg
usr/share/backgrounds/ubuntu/Grey_day_by_Drew__.jpg
usr/share/backgrounds/ubuntu/H_by_Manuel_Sagredo.jpg
usr/share/backgrounds/ubuntu/Holes_by_FireCobold.jpg
usr/share/backgrounds/ubuntu/Icystones2.jpg
usr/share/backgrounds/ubuntu/Ilunabarra_Azkainetik_by_Garuna_bor-bor.jpg
usr/share/backgrounds/ubuntu/InthedarkRedux.jpg
usr/share/backgrounds/ubuntu/JardinPolar_by_CarmenGloria_Gonzalez.jpg
usr/share/backgrounds/ubuntu/La_no_alto_by_Allyson_Souza.jpg
usr/share/backgrounds/ubuntu/Langelinie_Allé_by_SirPecanGum.jpg
usr/share/backgrounds/ubuntu/Life_by_Paco_Espinoza.jpg
usr/share/backgrounds/ubuntu/Liquid_glass_by_matthileo.jpg
usr/share/backgrounds/ubuntu/London_Eye_From_Beneath_by_Fernando_García.jpg
usr/share/backgrounds/ubuntu/Maraetaibeforesunrise.jpg
usr/share/backgrounds/ubuntu/Mirada_Perduda_by_Marxicoli.jpg
usr/share/backgrounds/ubuntu/MistyMorning.jpg
usr/share/backgrounds/ubuntu/Momiji_Dream_by_Deacon_MacMillan.jpg
usr/share/backgrounds/ubuntu/Morning_Dew_by_Lars_Clausen.jpg
usr/share/backgrounds/ubuntu/Morning_II_by_Tadas_N.jpg
usr/share/backgrounds/ubuntu/Mount_Snowdon,_Wales_by_Adam_Vellender.jpg
usr/share/backgrounds/ubuntu/Murales_by_Jan_Bencini.jpg
usr/share/backgrounds/ubuntu/Naranja.jpg
usr/share/backgrounds/ubuntu/Not_Alone_by_Deacon_MacMillan.jpg
usr/share/backgrounds/ubuntu/OLife.jpg
usr/share/backgrounds/ubuntu/Outoffocus.jpg
usr/share/backgrounds/ubuntu/Palmengarten.jpg
usr/share/backgrounds/ubuntu/Pantano_de_Orellana_by_mgarciaiz.jpg
usr/share/backgrounds/ubuntu/Pointy.jpg
usr/share/backgrounds/ubuntu/Power_of_Words_by_Antonio_Litterio.jpg
usr/share/backgrounds/ubuntu/Precise_Pangolin_by_Vlad_Gerasimov.jpg
usr/share/backgrounds/ubuntu/Primer_Amanecer_2010_by_letoloke.jpg
usr/share/backgrounds/ubuntu/PrimulaRed.jpg
usr/share/backgrounds/ubuntu/PurpleDancers_by_Emilio_Merlino.jpg
usr/share/backgrounds/ubuntu/Quandro_by_Tomas_Vasconcelo.jpg
usr/share/backgrounds/ubuntu/RadioactiveSunrise.jpg
usr/share/backgrounds/ubuntu/Roof_Tiles_by_Finn_Sturdy.jpg
usr/share/backgrounds/ubuntu/Ropey_Photo_by_Bob_Farrell.jpg
usr/share/backgrounds/ubuntu/Sand.jpg
usr/share/backgrounds/ubuntu/Serenity_Enchanted_by_sirpecangum.jpg
usr/share/backgrounds/ubuntu/Shoes.jpg
usr/share/backgrounds/ubuntu/Signpost_by_maroubal2.jpg
usr/share/backgrounds/ubuntu/Small_flowers_by_Dariusz_Duma.jpg
usr/share/backgrounds/ubuntu/Smile_by_quinn.anya.jpg
usr/share/backgrounds/ubuntu/SmoothMoment.jpg
usr/share/backgrounds/ubuntu/Speaker_Weave_by_Phil_Jackson.jpg
usr/share/backgrounds/ubuntu/Spiral_by_firas.jpg
usr/share/backgrounds/ubuntu/Stalking_Ocelot_by_Sayantan_Chaudhuri.jpg
usr/share/backgrounds/ubuntu/Sunset.jpg
usr/share/backgrounds/ubuntu/TheRainbowisDead.jpg
usr/share/backgrounds/ubuntu/The_Forbidden_City_by_Daniel_Mathis.jpg
usr/share/backgrounds/ubuntu/The_Grass_aint_Greener_by_fix_pena.jpg
usr/share/backgrounds/ubuntu/ThrowingStones.jpg
usr/share/backgrounds/ubuntu/Tie_My_Boat_by_Ray_García.jpg
usr/share/backgrounds/ubuntu/Tiny_Worlds_by_matthileo.jpg
usr/share/backgrounds/ubuntu/Touch_the_light_by_Matt_Katzenberger.jpg
usr/share/backgrounds/ubuntu/Tri_Narwhal_by_momez.jpg
usr/share/backgrounds/ubuntu/Twilight_Frost_by_Phil_Jackson.jpg
usr/share/backgrounds/ubuntu/Vanishing_by_James_Wilson.jpg
usr/share/backgrounds/ubuntu/Variations-On-Natty-Narwhal-1_by_madeinkobaia.jpg
usr/share/backgrounds/ubuntu/Warmlights.jpg
usr/share/backgrounds/ubuntu/Waterchain_by_Poje_Mario.jpg
usr/share/backgrounds/ubuntu/WhiteOrchid.jpg
usr/share/backgrounds/ubuntu/White_flowers_by_Garuna_bor-bor.jpg
usr/share/backgrounds/ubuntu/WildWheat_by_Brian_Burt.jpg
usr/share/backgrounds/ubuntu/Winter_Morning_by_Shannon_Lucas.jpg
usr/share/backgrounds/ubuntu/Yellowflower.jpg
usr/share/backgrounds/ubuntu/contest/
usr/share/backgrounds/ubuntu/contest/karmic.xml
usr/share/backgrounds/ubuntu/contest/lucid.xml
usr/share/backgrounds/ubuntu/contest/maverick.xml
usr/share/backgrounds/ubuntu/contest/natty.xml
usr/share/backgrounds/ubuntu/contest/oneiric.xml
usr/share/backgrounds/ubuntu/contest/precise.xml
usr/share/backgrounds/ubuntu/contest/quantal.xml
usr/share/gnome-background-properties/
usr/share/gnome-background-properties/1.xml
usr/share/gnome-background-properties/10.xml
usr/share/gnome-background-properties/2.xml
usr/share/gnome-background-properties/3.xml
usr/share/gnome-background-properties/4.xml
usr/share/gnome-background-properties/5.xml
usr/share/gnome-background-properties/6.xml
usr/share/gnome-background-properties/8.xml
usr/share/gnome-background-properties/9.xml
usr/share/gnome-background-properties/angrybirds-backgrounds.xml
usr/share/gnome-background-properties/buuf-backgrounds.xml
usr/share/gnome-background-properties/hacker.xml
usr/share/gnome-background-properties/ios4mac-backgrounds.xml
usr/share/gnome-background-properties/karmic-wallpapers.xml
usr/share/gnome-background-properties/linuxcommunity-backgrounds.xml
usr/share/gnome-background-properties/lucid-wallpapers.xml
usr/share/gnome-background-properties/maverick-wallpapers.xml
usr/share/gnome-background-properties/minecraft-backgrounds.xml
usr/share/gnome-background-properties/moemoe-backgrounds.xml
usr/share/gnome-background-properties/natty-wallpapers.xml
usr/share/gnome-background-properties/npm-calendar-backgrounds.xml
usr/share/gnome-background-properties/oneiric-wallpapers.xml
usr/share/gnome-background-properties/precise-wallpapers.xml
usr/share/gnome-background-properties/quantal-wallpapers.xml
usr/share/gnome-background-properties/shimmer-backgrounds.xml
usr/share/gnome-background-properties/skyscene-backgrounds.xml

Slackware package /tmp/gnome-backgrounds-extra-45-noarch-1_gfs.txz created.


+==============================================================================
| Upgrading gnome-backgrounds-extra-45-noarch-1_gfs package using /tmp/gnome-backgrounds-extra-45-noarch-1_gfs.txz
+==============================================================================
Pre-installing package gnome-backgrounds-extra-45-noarch-1_gfs...
Removing package: gnome-backgrounds-extra-45-noarch-1_gfs-upgraded-2023-09-07,17:59:27
Verifying package gnome-backgrounds-extra-45-noarch-1_gfs.txz.
Installing package gnome-backgrounds-extra-45-noarch-1_gfs.txz:
PACKAGE DESCRIPTION:
# gnome-background-extra (GNOME Backgrounds)
#
# This module contains a set of extra backgrounds packaged for the
# GNOME desktop. 
#
Package gnome-backgrounds-extra-45-noarch-1_gfs.txz installed.
Package gnome-backgrounds-extra-45-noarch-1_gfs upgraded with new package /tmp/gnome-backgrounds-extra-45-noarch-1_gfs.txz.
